<?xml version="1.0" encoding="UTF-8"?>
<testsuites>
  <testsuite name="My Login application" timestamp="2024-01-15T20:37:24" time="2.697" tests="2" failures="2" errors="2" skipped="0">
    <properties>
      <property name="specId" value="0"/>
      <property name="suiteName" value="My Login application"/>
      <property name="capabilities" value="chrome.120_0_6099_109.windows"/>
      <property name="file" value="file:///D:/Selise_Automation/WebdriverIO/test/specs/test.e2e.js"/>
    </properties>
    <testcase classname="chrome.120_0_6099_109.windows.My_Login_application" name="before all hook for My Login application" time="2.635">
      <failure/>
      <error message="no such window: target window already closed&#xA;from unknown error: web view not found&#xA;  (Session info: chrome=120.0.6099.109)"/>
      <system-err><![CDATA[
no such window: no such window: target window already closed
from unknown error: web view not found
  (Session info: chrome=120.0.6099.109)
    at process.processTicksAndRejections (node:internal/process/task_queues:95:5)
    at async Context.<anonymous> (file:///D:/Selise_Automation/WebdriverIO/test/specs/test.e2e.js?invalidateCache=0.08661665649946504:10:9)
]]></system-err>
    </testcase>
    <testcase classname="chrome.120_0_6099_109.windows.My_Login_application" name="after all hook for My Login application" time="0.06">
      <failure/>
      <error message="no such window: target window already closed&#xA;from unknown error: web view not found&#xA;  (Session info: chrome=120.0.6099.109)"/>
      <system-err><![CDATA[
no such window: no such window: target window already closed
from unknown error: web view not found
  (Session info: chrome=120.0.6099.109)
    at process.processTicksAndRejections (node:internal/process/task_queues:95:5)
    at async LoginPage.logoutuser2 (file:///D:/Selise_Automation/WebdriverIO/test/pageobjects/LoginPage.js:113:9)
    at async Context.<anonymous> (file:///D:/Selise_Automation/WebdriverIO/test/specs/test.e2e.js?invalidateCache=0.08661665649946504:25:9)
]]></system-err>
    </testcase>
  </testsuite>
</testsuites>